<?xml version="1.0" encoding="UTF-8"?>
<testsuite name="plc.project.LexerTests" tests="30" skipped="0" failures="0" errors="0" timestamp="2024-09-13T16:09:36" hostname="Andress-MacBook-Air.local" time="0.087">
  <properties/>
  <testcase name="testException()" classname="plc.project.LexerTests" time="0.012"/>
  <testcase name="[1] Alphabetic, 'c', true" classname="plc.project.LexerTests" time="0.012"/>
  <testcase name="[2] Newline Escape, '\n', true" classname="plc.project.LexerTests" time="0.001"/>
  <testcase name="[3] Empty, '', false" classname="plc.project.LexerTests" time="0.001"/>
  <testcase name="[4] Multiple, 'abc', false" classname="plc.project.LexerTests" time="0.001"/>
  <testcase name="[1] Example 1, LET x = 5;, [IDENTIFIER=LET@0, IDENTIFIER=x@4, OPERATOR==@6, INTEGER=5@8, OPERATOR=;@9]" classname="plc.project.LexerTests" time="0.002"/>
  <testcase name="[2] Example 2, print(&quot;Hello, World!&quot;);, [IDENTIFIER=print@0, OPERATOR=(@5, STRING=&quot;Hello, World!&quot;@6, OPERATOR=)@21, OPERATOR=;@22]" classname="plc.project.LexerTests" time="0.0"/>
  <testcase name="[1] Character, (, true" classname="plc.project.LexerTests" time="0.001"/>
  <testcase name="[2] Comparison, &lt;=, true" classname="plc.project.LexerTests" time="0.0"/>
  <testcase name="[3] Space,  , false" classname="plc.project.LexerTests" time="0.001"/>
  <testcase name="[4] Tab, &#9;, false" classname="plc.project.LexerTests" time="0.001"/>
  <testcase name="[1] Integer, 1, false" classname="plc.project.LexerTests" time="0.001"/>
  <testcase name="[2] Multiple Digits, 123.456, true" classname="plc.project.LexerTests" time="0.0"/>
  <testcase name="[3] Negative Decimal, -1.0, true" classname="plc.project.LexerTests" time="0.0"/>
  <testcase name="[4] Trailing Decimal, 1., false" classname="plc.project.LexerTests" time="0.0"/>
  <testcase name="[5] Leading Decimal, .5, false" classname="plc.project.LexerTests" time="0.001"/>
  <testcase name="[1] Single Digit, 1, true" classname="plc.project.LexerTests" time="0.0"/>
  <testcase name="[2] Decimal, 123.456, false" classname="plc.project.LexerTests" time="0.0"/>
  <testcase name="[3] Signed Decimal, -1.0, false" classname="plc.project.LexerTests" time="0.0"/>
  <testcase name="[4] Trailing Decimal, 1., false" classname="plc.project.LexerTests" time="0.0"/>
  <testcase name="[5] Leading Decimal, .5, false" classname="plc.project.LexerTests" time="0.0"/>
  <testcase name="[1] Empty, &quot;&quot;, true" classname="plc.project.LexerTests" time="0.0"/>
  <testcase name="[2] Alphabetic, &quot;abc&quot;, true" classname="plc.project.LexerTests" time="0.0"/>
  <testcase name="[3] Newline Escape, &quot;Hello,\nWorld&quot;, true" classname="plc.project.LexerTests" time="0.0"/>
  <testcase name="[4] Unterminated, &quot;unterminated, false" classname="plc.project.LexerTests" time="0.0"/>
  <testcase name="[5] Invalid Escape, &quot;invalid\escape&quot;, false" classname="plc.project.LexerTests" time="0.0"/>
  <testcase name="[1] Alphabetic, getName, true" classname="plc.project.LexerTests" time="0.001"/>
  <testcase name="[2] Alphanumeric, thelegend27, true" classname="plc.project.LexerTests" time="0.0"/>
  <testcase name="[3] Leading Hyphen, -five, false" classname="plc.project.LexerTests" time="0.0"/>
  <testcase name="[4] Leading Digit, 1fish2fish3fishbluefish, false" classname="plc.project.LexerTests" time="0.0"/>
  <system-out><![CDATA[]]></system-out>
  <system-err><![CDATA[]]></system-err>
</testsuite>
